  pch.cpp
  Board.cpp
c:\users\daorin\source\repos\ochujtuchodzi\ochujtuchodzi\board.cpp(13): warning C4018: "<": niezgodność typu ze znakiem/bez znaku
c:\users\daorin\source\repos\ochujtuchodzi\ochujtuchodzi\board.cpp(106): warning C4018: "<": niezgodność typu ze znakiem/bez znaku
c:\users\daorin\source\repos\ochujtuchodzi\ochujtuchodzi\board.cpp(114): warning C4018: "<": niezgodność typu ze znakiem/bez znaku
c:\users\daorin\source\repos\ochujtuchodzi\ochujtuchodzi\board.cpp(116): warning C4018: "<": niezgodność typu ze znakiem/bez znaku
c:\users\daorin\source\repos\ochujtuchodzi\ochujtuchodzi\board.cpp(120): warning C4018: "<": niezgodność typu ze znakiem/bez znaku
c:\users\daorin\source\repos\ochujtuchodzi\ochujtuchodzi\board.cpp(133): warning C4018: "<": niezgodność typu ze znakiem/bez znaku
c:\users\daorin\source\repos\ochujtuchodzi\ochujtuchodzi\board.cpp(135): warning C4018: "<": niezgodność typu ze znakiem/bez znaku
c:\users\daorin\source\repos\ochujtuchodzi\ochujtuchodzi\board.cpp(139): warning C4018: "<": niezgodność typu ze znakiem/bez znaku
c:\users\daorin\source\repos\ochujtuchodzi\ochujtuchodzi\board.cpp(154): warning C4018: "<": niezgodność typu ze znakiem/bez znaku
c:\users\daorin\source\repos\ochujtuchodzi\ochujtuchodzi\board.cpp(156): warning C4018: "<": niezgodność typu ze znakiem/bez znaku
c:\users\daorin\source\repos\ochujtuchodzi\ochujtuchodzi\board.cpp(166): warning C4018: "<": niezgodność typu ze znakiem/bez znaku
c:\users\daorin\source\repos\ochujtuchodzi\ochujtuchodzi\board.cpp(168): warning C4018: "<": niezgodność typu ze znakiem/bez znaku
c:\users\daorin\source\repos\ochujtuchodzi\ochujtuchodzi\board.cpp(182): warning C4018: "<": niezgodność typu ze znakiem/bez znaku
c:\users\daorin\source\repos\ochujtuchodzi\ochujtuchodzi\board.cpp(184): warning C4018: "<": niezgodność typu ze znakiem/bez znaku
c:\users\daorin\source\repos\ochujtuchodzi\ochujtuchodzi\board.cpp(193): warning C4018: "<": niezgodność typu ze znakiem/bez znaku
c:\users\daorin\source\repos\ochujtuchodzi\ochujtuchodzi\board.cpp(195): warning C4018: "<": niezgodność typu ze znakiem/bez znaku
  Checker.cpp
c:\users\daorin\source\repos\ochujtuchodzi\ochujtuchodzi\checker.cpp(98): warning C4018: "<": niezgodność typu ze znakiem/bez znaku
c:\users\daorin\source\repos\ochujtuchodzi\ochujtuchodzi\checker.cpp(100): warning C4018: "<": niezgodność typu ze znakiem/bez znaku
c:\users\daorin\source\repos\ochujtuchodzi\ochujtuchodzi\checker.cpp(107): warning C4018: "<": niezgodność typu ze znakiem/bez znaku
c:\users\daorin\source\repos\ochujtuchodzi\ochujtuchodzi\checker.cpp(109): warning C4018: "<": niezgodność typu ze znakiem/bez znaku
c:\users\daorin\source\repos\ochujtuchodzi\ochujtuchodzi\checker.cpp(829): warning C4018: "<": niezgodność typu ze znakiem/bez znaku
c:\users\daorin\source\repos\ochujtuchodzi\ochujtuchodzi\checker.cpp(831): warning C4018: "<": niezgodność typu ze znakiem/bez znaku
  OCHUJTUCHODZI.cpp
sfml-graphics-s-d.lib(RenderTarget.cpp.obj) : error LNK2038: wykryto niezgodność dla elementu „_ITERATOR_DEBUG_LEVEL”: wartość „2” jest niezgodna z wartością „0” w elemencie Board.obj
sfml-graphics-s-d.lib(RenderTarget.cpp.obj) : error LNK2038: wykryto niezgodność dla elementu „RuntimeLibrary”: wartość „MDd_DynamicDebug” jest niezgodna z wartością „MD_DynamicRelease” w elemencie Board.obj
sfml-graphics-s-d.lib(RectangleShape.cpp.obj) : error LNK2038: wykryto niezgodność dla elementu „_ITERATOR_DEBUG_LEVEL”: wartość „2” jest niezgodna z wartością „0” w elemencie Board.obj
sfml-graphics-s-d.lib(RectangleShape.cpp.obj) : error LNK2038: wykryto niezgodność dla elementu „RuntimeLibrary”: wartość „MDd_DynamicDebug” jest niezgodna z wartością „MD_DynamicRelease” w elemencie Board.obj
sfml-graphics-s-d.lib(Transformable.cpp.obj) : error LNK2038: wykryto niezgodność dla elementu „_ITERATOR_DEBUG_LEVEL”: wartość „2” jest niezgodna z wartością „0” w elemencie Board.obj
sfml-graphics-s-d.lib(Transformable.cpp.obj) : error LNK2038: wykryto niezgodność dla elementu „RuntimeLibrary”: wartość „MDd_DynamicDebug” jest niezgodna z wartością „MD_DynamicRelease” w elemencie Board.obj
sfml-graphics-s-d.lib(Shape.cpp.obj) : error LNK2038: wykryto niezgodność dla elementu „_ITERATOR_DEBUG_LEVEL”: wartość „2” jest niezgodna z wartością „0” w elemencie Board.obj
sfml-graphics-s-d.lib(Shape.cpp.obj) : error LNK2038: wykryto niezgodność dla elementu „RuntimeLibrary”: wartość „MDd_DynamicDebug” jest niezgodna z wartością „MD_DynamicRelease” w elemencie Board.obj
sfml-graphics-s-d.lib(Color.cpp.obj) : error LNK2038: wykryto niezgodność dla elementu „_ITERATOR_DEBUG_LEVEL”: wartość „2” jest niezgodna z wartością „0” w elemencie Board.obj
sfml-graphics-s-d.lib(Color.cpp.obj) : error LNK2038: wykryto niezgodność dla elementu „RuntimeLibrary”: wartość „MDd_DynamicDebug” jest niezgodna z wartością „MD_DynamicRelease” w elemencie Board.obj
sfml-graphics-s-d.lib(RenderStates.cpp.obj) : error LNK2038: wykryto niezgodność dla elementu „_ITERATOR_DEBUG_LEVEL”: wartość „2” jest niezgodna z wartością „0” w elemencie Board.obj
sfml-graphics-s-d.lib(RenderStates.cpp.obj) : error LNK2038: wykryto niezgodność dla elementu „RuntimeLibrary”: wartość „MDd_DynamicDebug” jest niezgodna z wartością „MD_DynamicRelease” w elemencie Board.obj
sfml-graphics-s-d.lib(VertexArray.cpp.obj) : error LNK2038: wykryto niezgodność dla elementu „_ITERATOR_DEBUG_LEVEL”: wartość „2” jest niezgodna z wartością „0” w elemencie Board.obj
sfml-graphics-s-d.lib(VertexArray.cpp.obj) : error LNK2038: wykryto niezgodność dla elementu „RuntimeLibrary”: wartość „MDd_DynamicDebug” jest niezgodna z wartością „MD_DynamicRelease” w elemencie Board.obj
sfml-graphics-s-d.lib(CircleShape.cpp.obj) : error LNK2038: wykryto niezgodność dla elementu „_ITERATOR_DEBUG_LEVEL”: wartość „2” jest niezgodna z wartością „0” w elemencie Board.obj
sfml-graphics-s-d.lib(CircleShape.cpp.obj) : error LNK2038: wykryto niezgodność dla elementu „RuntimeLibrary”: wartość „MDd_DynamicDebug” jest niezgodna z wartością „MD_DynamicRelease” w elemencie Board.obj
sfml-graphics-s-d.lib(RenderWindow.cpp.obj) : error LNK2038: wykryto niezgodność dla elementu „_ITERATOR_DEBUG_LEVEL”: wartość „2” jest niezgodna z wartością „0” w elemencie Board.obj
sfml-graphics-s-d.lib(RenderWindow.cpp.obj) : error LNK2038: wykryto niezgodność dla elementu „RuntimeLibrary”: wartość „MDd_DynamicDebug” jest niezgodna z wartością „MD_DynamicRelease” w elemencie Board.obj
sfml-graphics-s-d.lib(Transform.cpp.obj) : error LNK2038: wykryto niezgodność dla elementu „_ITERATOR_DEBUG_LEVEL”: wartość „2” jest niezgodna z wartością „0” w elemencie Board.obj
sfml-graphics-s-d.lib(Transform.cpp.obj) : error LNK2038: wykryto niezgodność dla elementu „RuntimeLibrary”: wartość „MDd_DynamicDebug” jest niezgodna z wartością „MD_DynamicRelease” w elemencie Board.obj
sfml-graphics-s-d.lib(View.cpp.obj) : error LNK2038: wykryto niezgodność dla elementu „_ITERATOR_DEBUG_LEVEL”: wartość „2” jest niezgodna z wartością „0” w elemencie Board.obj
sfml-graphics-s-d.lib(View.cpp.obj) : error LNK2038: wykryto niezgodność dla elementu „RuntimeLibrary”: wartość „MDd_DynamicDebug” jest niezgodna z wartością „MD_DynamicRelease” w elemencie Board.obj
sfml-graphics-s-d.lib(Shader.cpp.obj) : error LNK2038: wykryto niezgodność dla elementu „_ITERATOR_DEBUG_LEVEL”: wartość „2” jest niezgodna z wartością „0” w elemencie Board.obj
sfml-graphics-s-d.lib(Shader.cpp.obj) : error LNK2038: wykryto niezgodność dla elementu „RuntimeLibrary”: wartość „MDd_DynamicDebug” jest niezgodna z wartością „MD_DynamicRelease” w elemencie Board.obj
sfml-graphics-s-d.lib(Texture.cpp.obj) : error LNK2038: wykryto niezgodność dla elementu „_ITERATOR_DEBUG_LEVEL”: wartość „2” jest niezgodna z wartością „0” w elemencie Board.obj
sfml-graphics-s-d.lib(Texture.cpp.obj) : error LNK2038: wykryto niezgodność dla elementu „RuntimeLibrary”: wartość „MDd_DynamicDebug” jest niezgodna z wartością „MD_DynamicRelease” w elemencie Board.obj
sfml-graphics-s-d.lib(VertexBuffer.cpp.obj) : error LNK2038: wykryto niezgodność dla elementu „_ITERATOR_DEBUG_LEVEL”: wartość „2” jest niezgodna z wartością „0” w elemencie Board.obj
sfml-graphics-s-d.lib(VertexBuffer.cpp.obj) : error LNK2038: wykryto niezgodność dla elementu „RuntimeLibrary”: wartość „MDd_DynamicDebug” jest niezgodna z wartością „MD_DynamicRelease” w elemencie Board.obj
sfml-graphics-s-d.lib(GLExtensions.cpp.obj) : error LNK2038: wykryto niezgodność dla elementu „_ITERATOR_DEBUG_LEVEL”: wartość „2” jest niezgodna z wartością „0” w elemencie Board.obj
sfml-graphics-s-d.lib(GLExtensions.cpp.obj) : error LNK2038: wykryto niezgodność dla elementu „RuntimeLibrary”: wartość „MDd_DynamicDebug” jest niezgodna z wartością „MD_DynamicRelease” w elemencie Board.obj
sfml-graphics-s-d.lib(GLCheck.cpp.obj) : error LNK2038: wykryto niezgodność dla elementu „_ITERATOR_DEBUG_LEVEL”: wartość „2” jest niezgodna z wartością „0” w elemencie Board.obj
sfml-graphics-s-d.lib(GLCheck.cpp.obj) : error LNK2038: wykryto niezgodność dla elementu „RuntimeLibrary”: wartość „MDd_DynamicDebug” jest niezgodna z wartością „MD_DynamicRelease” w elemencie Board.obj
sfml-graphics-s-d.lib(RenderTextureImplFBO.cpp.obj) : error LNK2038: wykryto niezgodność dla elementu „_ITERATOR_DEBUG_LEVEL”: wartość „2” jest niezgodna z wartością „0” w elemencie Board.obj
sfml-graphics-s-d.lib(RenderTextureImplFBO.cpp.obj) : error LNK2038: wykryto niezgodność dla elementu „RuntimeLibrary”: wartość „MDd_DynamicDebug” jest niezgodna z wartością „MD_DynamicRelease” w elemencie Board.obj
sfml-graphics-s-d.lib(Glsl.cpp.obj) : error LNK2038: wykryto niezgodność dla elementu „_ITERATOR_DEBUG_LEVEL”: wartość „2” jest niezgodna z wartością „0” w elemencie Board.obj
sfml-graphics-s-d.lib(Glsl.cpp.obj) : error LNK2038: wykryto niezgodność dla elementu „RuntimeLibrary”: wartość „MDd_DynamicDebug” jest niezgodna z wartością „MD_DynamicRelease” w elemencie Board.obj
sfml-graphics-s-d.lib(Image.cpp.obj) : error LNK2038: wykryto niezgodność dla elementu „_ITERATOR_DEBUG_LEVEL”: wartość „2” jest niezgodna z wartością „0” w elemencie Board.obj
sfml-graphics-s-d.lib(Image.cpp.obj) : error LNK2038: wykryto niezgodność dla elementu „RuntimeLibrary”: wartość „MDd_DynamicDebug” jest niezgodna z wartością „MD_DynamicRelease” w elemencie Board.obj
sfml-graphics-s-d.lib(ImageLoader.cpp.obj) : error LNK2038: wykryto niezgodność dla elementu „_ITERATOR_DEBUG_LEVEL”: wartość „2” jest niezgodna z wartością „0” w elemencie Board.obj
sfml-graphics-s-d.lib(ImageLoader.cpp.obj) : error LNK2038: wykryto niezgodność dla elementu „RuntimeLibrary”: wartość „MDd_DynamicDebug” jest niezgodna z wartością „MD_DynamicRelease” w elemencie Board.obj
sfml-window-s-d.lib(Mouse.cpp.obj) : error LNK2038: wykryto niezgodność dla elementu „_ITERATOR_DEBUG_LEVEL”: wartość „2” jest niezgodna z wartością „0” w elemencie Board.obj
sfml-window-s-d.lib(Mouse.cpp.obj) : error LNK2038: wykryto niezgodność dla elementu „RuntimeLibrary”: wartość „MDd_DynamicDebug” jest niezgodna z wartością „MD_DynamicRelease” w elemencie Board.obj
sfml-window-s-d.lib(VideoMode.cpp.obj) : error LNK2038: wykryto niezgodność dla elementu „_ITERATOR_DEBUG_LEVEL”: wartość „2” jest niezgodna z wartością „0” w elemencie Board.obj
sfml-window-s-d.lib(VideoMode.cpp.obj) : error LNK2038: wykryto niezgodność dla elementu „RuntimeLibrary”: wartość „MDd_DynamicDebug” jest niezgodna z wartością „MD_DynamicRelease” w elemencie Board.obj
sfml-window-s-d.lib(Window.cpp.obj) : error LNK2038: wykryto niezgodność dla elementu „_ITERATOR_DEBUG_LEVEL”: wartość „2” jest niezgodna z wartością „0” w elemencie Board.obj
sfml-window-s-d.lib(Window.cpp.obj) : error LNK2038: wykryto niezgodność dla elementu „RuntimeLibrary”: wartość „MDd_DynamicDebug” jest niezgodna z wartością „MD_DynamicRelease” w elemencie Board.obj
sfml-window-s-d.lib(InputImpl.cpp.obj) : error LNK2038: wykryto niezgodność dla elementu „_ITERATOR_DEBUG_LEVEL”: wartość „2” jest niezgodna z wartością „0” w elemencie Board.obj
sfml-window-s-d.lib(InputImpl.cpp.obj) : error LNK2038: wykryto niezgodność dla elementu „RuntimeLibrary”: wartość „MDd_DynamicDebug” jest niezgodna z wartością „MD_DynamicRelease” w elemencie Board.obj
sfml-window-s-d.lib(VideoModeImpl.cpp.obj) : error LNK2038: wykryto niezgodność dla elementu „_ITERATOR_DEBUG_LEVEL”: wartość „2” jest niezgodna z wartością „0” w elemencie Board.obj
sfml-window-s-d.lib(VideoModeImpl.cpp.obj) : error LNK2038: wykryto niezgodność dla elementu „RuntimeLibrary”: wartość „MDd_DynamicDebug” jest niezgodna z wartością „MD_DynamicRelease” w elemencie Board.obj
sfml-window-s-d.lib(GlContext.cpp.obj) : error LNK2038: wykryto niezgodność dla elementu „_ITERATOR_DEBUG_LEVEL”: wartość „2” jest niezgodna z wartością „0” w elemencie Board.obj
sfml-window-s-d.lib(GlContext.cpp.obj) : error LNK2038: wykryto niezgodność dla elementu „RuntimeLibrary”: wartość „MDd_DynamicDebug” jest niezgodna z wartością „MD_DynamicRelease” w elemencie Board.obj
sfml-window-s-d.lib(WindowImpl.cpp.obj) : error LNK2038: wykryto niezgodność dla elementu „_ITERATOR_DEBUG_LEVEL”: wartość „2” jest niezgodna z wartością „0” w elemencie Board.obj
sfml-window-s-d.lib(WindowImpl.cpp.obj) : error LNK2038: wykryto niezgodność dla elementu „RuntimeLibrary”: wartość „MDd_DynamicDebug” jest niezgodna z wartością „MD_DynamicRelease” w elemencie Board.obj
sfml-window-s-d.lib(CursorImpl.cpp.obj) : error LNK2038: wykryto niezgodność dla elementu „_ITERATOR_DEBUG_LEVEL”: wartość „2” jest niezgodna z wartością „0” w elemencie Board.obj
sfml-window-s-d.lib(CursorImpl.cpp.obj) : error LNK2038: wykryto niezgodność dla elementu „RuntimeLibrary”: wartość „MDd_DynamicDebug” jest niezgodna z wartością „MD_DynamicRelease” w elemencie Board.obj
sfml-window-s-d.lib(WglContext.cpp.obj) : error LNK2038: wykryto niezgodność dla elementu „_ITERATOR_DEBUG_LEVEL”: wartość „2” jest niezgodna z wartością „0” w elemencie Board.obj
sfml-window-s-d.lib(WglContext.cpp.obj) : error LNK2038: wykryto niezgodność dla elementu „RuntimeLibrary”: wartość „MDd_DynamicDebug” jest niezgodna z wartością „MD_DynamicRelease” w elemencie Board.obj
sfml-window-s-d.lib(JoystickManager.cpp.obj) : error LNK2038: wykryto niezgodność dla elementu „_ITERATOR_DEBUG_LEVEL”: wartość „2” jest niezgodna z wartością „0” w elemencie Board.obj
sfml-window-s-d.lib(JoystickManager.cpp.obj) : error LNK2038: wykryto niezgodność dla elementu „RuntimeLibrary”: wartość „MDd_DynamicDebug” jest niezgodna z wartością „MD_DynamicRelease” w elemencie Board.obj
sfml-window-s-d.lib(SensorManager.cpp.obj) : error LNK2038: wykryto niezgodność dla elementu „_ITERATOR_DEBUG_LEVEL”: wartość „2” jest niezgodna z wartością „0” w elemencie Board.obj
sfml-window-s-d.lib(SensorManager.cpp.obj) : error LNK2038: wykryto niezgodność dla elementu „RuntimeLibrary”: wartość „MDd_DynamicDebug” jest niezgodna z wartością „MD_DynamicRelease” w elemencie Board.obj
sfml-window-s-d.lib(WindowImplWin32.cpp.obj) : error LNK2038: wykryto niezgodność dla elementu „_ITERATOR_DEBUG_LEVEL”: wartość „2” jest niezgodna z wartością „0” w elemencie Board.obj
sfml-window-s-d.lib(WindowImplWin32.cpp.obj) : error LNK2038: wykryto niezgodność dla elementu „RuntimeLibrary”: wartość „MDd_DynamicDebug” jest niezgodna z wartością „MD_DynamicRelease” w elemencie Board.obj
sfml-window-s-d.lib(WglExtensions.cpp.obj) : error LNK2038: wykryto niezgodność dla elementu „_ITERATOR_DEBUG_LEVEL”: wartość „2” jest niezgodna z wartością „0” w elemencie Board.obj
sfml-window-s-d.lib(WglExtensions.cpp.obj) : error LNK2038: wykryto niezgodność dla elementu „RuntimeLibrary”: wartość „MDd_DynamicDebug” jest niezgodna z wartością „MD_DynamicRelease” w elemencie Board.obj
sfml-window-s-d.lib(Joystick.cpp.obj) : error LNK2038: wykryto niezgodność dla elementu „_ITERATOR_DEBUG_LEVEL”: wartość „2” jest niezgodna z wartością „0” w elemencie Board.obj
sfml-window-s-d.lib(Joystick.cpp.obj) : error LNK2038: wykryto niezgodność dla elementu „RuntimeLibrary”: wartość „MDd_DynamicDebug” jest niezgodna z wartością „MD_DynamicRelease” w elemencie Board.obj
sfml-window-s-d.lib(JoystickImpl.cpp.obj) : error LNK2038: wykryto niezgodność dla elementu „_ITERATOR_DEBUG_LEVEL”: wartość „2” jest niezgodna z wartością „0” w elemencie Board.obj
sfml-window-s-d.lib(JoystickImpl.cpp.obj) : error LNK2038: wykryto niezgodność dla elementu „RuntimeLibrary”: wartość „MDd_DynamicDebug” jest niezgodna z wartością „MD_DynamicRelease” w elemencie Board.obj
sfml-system-s-d.lib(String.cpp.obj) : error LNK2038: wykryto niezgodność dla elementu „_ITERATOR_DEBUG_LEVEL”: wartość „2” jest niezgodna z wartością „0” w elemencie Board.obj
sfml-system-s-d.lib(String.cpp.obj) : error LNK2038: wykryto niezgodność dla elementu „RuntimeLibrary”: wartość „MDd_DynamicDebug” jest niezgodna z wartością „MD_DynamicRelease” w elemencie Board.obj
sfml-system-s-d.lib(Err.cpp.obj) : error LNK2038: wykryto niezgodność dla elementu „_ITERATOR_DEBUG_LEVEL”: wartość „2” jest niezgodna z wartością „0” w elemencie Board.obj
sfml-system-s-d.lib(Err.cpp.obj) : error LNK2038: wykryto niezgodność dla elementu „RuntimeLibrary”: wartość „MDd_DynamicDebug” jest niezgodna z wartością „MD_DynamicRelease” w elemencie Board.obj
LINK : warning LNK4098: domyślna biblioteka „MSVCRTD” powoduje konflikt z innymi bibliotekami; użyj opcji /NODEFAULTLIB:biblioteka
sfml-window-s-d.lib(JoystickImpl.cpp.obj) : error LNK2001: nierozpoznany symbol zewnętrzny __imp___invalid_parameter
sfml-system-s-d.lib(String.cpp.obj) : error LNK2001: nierozpoznany symbol zewnętrzny __imp___invalid_parameter
sfml-window-s-d.lib(WglContext.cpp.obj) : error LNK2001: nierozpoznany symbol zewnętrzny __imp___invalid_parameter
sfml-window-s-d.lib(JoystickManager.cpp.obj) : error LNK2001: nierozpoznany symbol zewnętrzny __imp___invalid_parameter
sfml-window-s-d.lib(WindowImplWin32.cpp.obj) : error LNK2001: nierozpoznany symbol zewnętrzny __imp___invalid_parameter
sfml-window-s-d.lib(WglExtensions.cpp.obj) : error LNK2001: nierozpoznany symbol zewnętrzny __imp___invalid_parameter
sfml-window-s-d.lib(Window.cpp.obj) : error LNK2001: nierozpoznany symbol zewnętrzny __imp___invalid_parameter
sfml-window-s-d.lib(VideoModeImpl.cpp.obj) : error LNK2001: nierozpoznany symbol zewnętrzny __imp___invalid_parameter
sfml-window-s-d.lib(GlContext.cpp.obj) : error LNK2001: nierozpoznany symbol zewnętrzny __imp___invalid_parameter
sfml-window-s-d.lib(WindowImpl.cpp.obj) : error LNK2001: nierozpoznany symbol zewnętrzny __imp___invalid_parameter
sfml-graphics-s-d.lib(Glsl.cpp.obj) : error LNK2001: nierozpoznany symbol zewnętrzny __imp___invalid_parameter
sfml-graphics-s-d.lib(Image.cpp.obj) : error LNK2001: nierozpoznany symbol zewnętrzny __imp___invalid_parameter
sfml-graphics-s-d.lib(ImageLoader.cpp.obj) : error LNK2001: nierozpoznany symbol zewnętrzny __imp___invalid_parameter
sfml-window-s-d.lib(VideoMode.cpp.obj) : error LNK2001: nierozpoznany symbol zewnętrzny __imp___invalid_parameter
sfml-graphics-s-d.lib(Shader.cpp.obj) : error LNK2001: nierozpoznany symbol zewnętrzny __imp___invalid_parameter
sfml-graphics-s-d.lib(Texture.cpp.obj) : error LNK2001: nierozpoznany symbol zewnętrzny __imp___invalid_parameter
sfml-graphics-s-d.lib(GLCheck.cpp.obj) : error LNK2001: nierozpoznany symbol zewnętrzny __imp___invalid_parameter
sfml-graphics-s-d.lib(RenderTextureImplFBO.cpp.obj) : error LNK2001: nierozpoznany symbol zewnętrzny __imp___invalid_parameter
sfml-graphics-s-d.lib(RenderTarget.cpp.obj) : error LNK2001: nierozpoznany symbol zewnętrzny __imp___invalid_parameter
sfml-graphics-s-d.lib(Shape.cpp.obj) : error LNK2001: nierozpoznany symbol zewnętrzny __imp___invalid_parameter
sfml-graphics-s-d.lib(Color.cpp.obj) : error LNK2001: nierozpoznany symbol zewnętrzny __imp___invalid_parameter
sfml-graphics-s-d.lib(VertexArray.cpp.obj) : error LNK2001: nierozpoznany symbol zewnętrzny __imp___invalid_parameter
sfml-window-s-d.lib(JoystickImpl.cpp.obj) : error LNK2001: nierozpoznany symbol zewnętrzny __imp___CrtDbgReport
sfml-system-s-d.lib(String.cpp.obj) : error LNK2001: nierozpoznany symbol zewnętrzny __imp___CrtDbgReport
sfml-window-s-d.lib(WglContext.cpp.obj) : error LNK2001: nierozpoznany symbol zewnętrzny __imp___CrtDbgReport
sfml-window-s-d.lib(JoystickManager.cpp.obj) : error LNK2001: nierozpoznany symbol zewnętrzny __imp___CrtDbgReport
sfml-window-s-d.lib(WindowImplWin32.cpp.obj) : error LNK2001: nierozpoznany symbol zewnętrzny __imp___CrtDbgReport
sfml-window-s-d.lib(WglExtensions.cpp.obj) : error LNK2001: nierozpoznany symbol zewnętrzny __imp___CrtDbgReport
sfml-window-s-d.lib(Window.cpp.obj) : error LNK2001: nierozpoznany symbol zewnętrzny __imp___CrtDbgReport
sfml-window-s-d.lib(VideoModeImpl.cpp.obj) : error LNK2001: nierozpoznany symbol zewnętrzny __imp___CrtDbgReport
sfml-window-s-d.lib(GlContext.cpp.obj) : error LNK2001: nierozpoznany symbol zewnętrzny __imp___CrtDbgReport
sfml-window-s-d.lib(WindowImpl.cpp.obj) : error LNK2001: nierozpoznany symbol zewnętrzny __imp___CrtDbgReport
sfml-graphics-s-d.lib(Glsl.cpp.obj) : error LNK2001: nierozpoznany symbol zewnętrzny __imp___CrtDbgReport
sfml-graphics-s-d.lib(Image.cpp.obj) : error LNK2001: nierozpoznany symbol zewnętrzny __imp___CrtDbgReport
sfml-graphics-s-d.lib(ImageLoader.cpp.obj) : error LNK2001: nierozpoznany symbol zewnętrzny __imp___CrtDbgReport
sfml-window-s-d.lib(VideoMode.cpp.obj) : error LNK2001: nierozpoznany symbol zewnętrzny __imp___CrtDbgReport
sfml-graphics-s-d.lib(Shader.cpp.obj) : error LNK2001: nierozpoznany symbol zewnętrzny __imp___CrtDbgReport
sfml-graphics-s-d.lib(Texture.cpp.obj) : error LNK2001: nierozpoznany symbol zewnętrzny __imp___CrtDbgReport
sfml-graphics-s-d.lib(GLCheck.cpp.obj) : error LNK2001: nierozpoznany symbol zewnętrzny __imp___CrtDbgReport
sfml-graphics-s-d.lib(RenderTextureImplFBO.cpp.obj) : error LNK2001: nierozpoznany symbol zewnętrzny __imp___CrtDbgReport
sfml-graphics-s-d.lib(RenderTarget.cpp.obj) : error LNK2001: nierozpoznany symbol zewnętrzny __imp___CrtDbgReport
sfml-graphics-s-d.lib(Shape.cpp.obj) : error LNK2001: nierozpoznany symbol zewnętrzny __imp___CrtDbgReport
sfml-graphics-s-d.lib(Color.cpp.obj) : error LNK2001: nierozpoznany symbol zewnętrzny __imp___CrtDbgReport
sfml-graphics-s-d.lib(VertexArray.cpp.obj) : error LNK2001: nierozpoznany symbol zewnętrzny __imp___CrtDbgReport
sfml-window-s-d.lib(WindowImplWin32.cpp.obj) : error LNK2001: nierozpoznany symbol zewnętrzny __imp___calloc_dbg
sfml-window-s-d.lib(Joystick.cpp.obj) : error LNK2001: nierozpoznany symbol zewnętrzny __imp___calloc_dbg
sfml-window-s-d.lib(JoystickImpl.cpp.obj) : error LNK2001: nierozpoznany symbol zewnętrzny __imp___calloc_dbg
sfml-system-s-d.lib(String.cpp.obj) : error LNK2001: nierozpoznany symbol zewnętrzny __imp___calloc_dbg
sfml-window-s-d.lib(InputImpl.cpp.obj) : error LNK2001: nierozpoznany symbol zewnętrzny __imp___calloc_dbg
sfml-window-s-d.lib(WindowImpl.cpp.obj) : error LNK2001: nierozpoznany symbol zewnętrzny __imp___calloc_dbg
sfml-window-s-d.lib(WglContext.cpp.obj) : error LNK2001: nierozpoznany symbol zewnętrzny __imp___calloc_dbg
sfml-window-s-d.lib(JoystickManager.cpp.obj) : error LNK2001: nierozpoznany symbol zewnętrzny __imp___calloc_dbg
sfml-graphics-s-d.lib(RenderWindow.cpp.obj) : error LNK2001: nierozpoznany symbol zewnętrzny __imp___calloc_dbg
sfml-graphics-s-d.lib(Texture.cpp.obj) : error LNK2001: nierozpoznany symbol zewnętrzny __imp___calloc_dbg
sfml-window-s-d.lib(Mouse.cpp.obj) : error LNK2001: nierozpoznany symbol zewnętrzny __imp___calloc_dbg
sfml-window-s-d.lib(Window.cpp.obj) : error LNK2001: nierozpoznany symbol zewnętrzny __imp___calloc_dbg
C:\Users\Daorin\source\repos\OCHUJTUCHODZI\Release\OCHUJTUCHODZI.exe : fatal error LNK1120: liczba nierozpoznanych elementów zewnętrznych: 3
